[HANDLER ENTERED]
[INCOMING UPDATE] {"update_id": 590587310, "message": {"message_id": 1002, "from": {"id": 929604724, "is_bot": false, "first_name": "϶х᧐ ʙᥱчн᧐ᥴᴛᥙ", "username": "rhipi", "language_code": "ru"}, "chat": {"id": 929604724, "first_name": "϶х᧐ ʙᥱчн᧐ᥴᴛᥙ", "username": "rhipi", "type": "private"}, "date": 1778876701, "text": "https://www.wildberries.ru/catalog/253818595/detail.aspx?targetUrl=SN", "entities": [{"offset": 0, "length": 69, "type": "url"}], "link_preview_options": {"is_disabled": true}}}
[HANDLER ENTERED]
[INCOMING UPDATE] {"update_id": 590587311, "message": {"message_id": 1004, "from": {"id": 929604724, "is_bot": false, "first_name": "϶х᧐ ʙᥱчн᧐ᥴᴛᥙ", "username": "rhipi", "language_code": "ru"}, "chat": {"id": 929604724, "first_name": "϶х᧐ ʙᥱчн᧐ᥴᴛᥙ", "username": "rhipi", "type": "private"}, "date": 1778876784, "text": "https://www.wildberries.ru/catalog/253818595/detail.aspx?targetUrl=SN", "entities": [{"offset": 0, "length": 69, "type": "url"}], "link_preview_options": {"is_disabled": true}}}
[HANDLER ENTERED]
[INCOMING UPDATE] {"update_id": 590587312, "message": {"message_id": 1006, "from": {"id": 929604724, "is_bot": false, "first_name": "϶х᧐ ʙᥱчн᧐ᥴᴛᥙ", "username": "rhipi", "language_code": "ru"}, "chat": {"id": 929604724, "first_name": "϶х᧐ ʙᥱчн᧐ᥴᴛᥙ", "username": "rhipi", "type": "private"}, "date": 1778876793, "text": "https://www.wildberries.ru/catalog/253818595/detail.aspx?targetUrl=SN", "entities": [{"offset": 0, "length": 69, "type": "url"}], "link_preview_options": {"is_disabled": true}}}
[HANDLER ENTERED]
[INCOMING UPDATE] {"update_id": 590587313, "message": {"message_id": 1008, "from": {"id": 929604724, "is_bot": false, "first_name": "϶х᧐ ʙᥱчн᧐ᥴᴛᥙ", "username": "rhipi", "language_code": "ru"}, "chat": {"id": 929604724, "first_name": "϶х᧐ ʙᥱчн᧐ᥴᴛᥙ", "username": "rhipi", "type": "private"}, "date": 1778876891, "text": "https://www.wildberries.ru/catalog/253818595/detail.aspx?targetUrl=SN", "entities": [{"offset": 0, "length": 69, "type": "url"}], "link_preview_options": {"is_disabled": true}}}
[HANDLER ENTERED]
[INCOMING UPDATE] {"update_id": 590587314, "message": {"message_id": 1010, "from": {"id": 929604724, "is_bot": false, "first_name": "϶х᧐ ʙᥱчн᧐ᥴᴛᥙ", "username": "rhipi", "language_code": "ru"}, "chat": {"id": 929604724, "first_name": "϶х᧐ ʙᥱчн᧐ᥴᴛᥙ", "username": "rhipi", "type": "private"}, "date": 1778877523, "text": "https://www.wildberries.ru/catalog/253818595/detail.aspx?targetUrl=SN", "entities": [{"offset": 0, "length": 69, "type": "url"}], "link_preview_options": {"is_disabled": true}}}
[HANDLER ENTERED]
[INCOMING UPDATE] {"update_id": 590587314, "message": {"message_id": 1010, "from": {"id": 929604724, "is_bot": false, "first_name": "϶х᧐ ʙᥱчн᧐ᥴᴛᥙ", "username": "rhipi", "language_code": "ru"}, "chat": {"id": 929604724, "first_name": "϶х᧐ ʙᥱчн᧐ᥴᴛᥙ", "username": "rhipi", "type": "private"}, "date": 1778877523, "text": "https://www.wildberries.ru/catalog/253818595/detail.aspx?targetUrl=SN", "entities": [{"offset": 0, "length": 69, "type": "url"}], "link_preview_options": {"is_disabled": true}}}
[HANDLER ENTERED]
[INCOMING UPDATE] {"update_id": 590587314, "message": {"message_id": 1010, "from": {"id": 929604724, "is_bot": false, "first_name": "϶х᧐ ʙᥱчн᧐ᥴᴛᥙ", "username": "rhipi", "language_code": "ru"}, "chat": {"id": 929604724, "first_name": "϶х᧐ ʙᥱчн᧐ᥴᴛᥙ", "username": "rhipi", "type": "private"}, "date": 1778877523, "text": "https://www.wildberries.ru/catalog/253818595/detail.aspx?targetUrl=SN", "entities": [{"offset": 0, "length": 69, "type": "url"}], "link_preview_options": {"is_disabled": true}}}
[HANDLER ENTERED]
[INCOMING UPDATE] {"update_id": 590587314, "message": {"message_id": 1010, "from": {"id": 929604724, "is_bot": false, "first_name": "϶х᧐ ʙᥱчн᧐ᥴᴛᥙ", "username": "rhipi", "language_code": "ru"}, "chat": {"id": 929604724, "first_name": "϶х᧐ ʙᥱчн᧐ᥴᴛᥙ", "username": "rhipi", "type": "private"}, "date": 1778877523, "text": "https://www.wildberries.ru/catalog/253818595/detail.aspx?targetUrl=SN", "entities": [{"offset": 0, "length": 69, "type": "url"}], "link_preview_options": {"is_disabled": true}}}
[HANDLER ENTERED]
[INCOMING UPDATE] {"update_id": 590587314, "message": {"message_id": 1010, "from": {"id": 929604724, "is_bot": false, "first_name": "϶х᧐ ʙᥱчн᧐ᥴᴛᥙ", "username": "rhipi", "language_code": "ru"}, "chat": {"id": 929604724, "first_name": "϶х᧐ ʙᥱчн᧐ᥴᴛᥙ", "username": "rhipi", "type": "private"}, "date": 1778877523, "text": "https://www.wildberries.ru/catalog/253818595/detail.aspx?targetUrl=SN", "entities": [{"offset": 0, "length": 69, "type": "url"}], "link_preview_options": {"is_disabled": true}}}
[HANDLER ENTERED]
[INCOMING UPDATE] {"update_id": 590587314, "message": {"message_id": 1010, "from": {"id": 929604724, "is_bot": false, "first_name": "϶х᧐ ʙᥱчн᧐ᥴᴛᥙ", "username": "rhipi", "language_code": "ru"}, "chat": {"id": 929604724, "first_name": "϶х᧐ ʙᥱчн᧐ᥴᴛᥙ", "username": "rhipi", "type": "private"}, "date": 1778877523, "text": "https://www.wildberries.ru/catalog/253818595/detail.aspx?targetUrl=SN", "entities": [{"offset": 0, "length": 69, "type": "url"}], "link_preview_options": {"is_disabled": true}}}
[HANDLER ENTERED]
[INCOMING UPDATE] {"update_id": 590587326, "message": {"message_id": 1035, "from": {"id": 929604724, "is_bot": false, "first_name": "϶х᧐ ʙᥱчн᧐ᥴᴛᥙ", "username": "rhipi", "language_code": "ru"}, "chat": {"id": 929604724, "first_name": "϶х᧐ ʙᥱчн᧐ᥴᴛᥙ", "username": "rhipi", "type": "private"}, "date": 1778937845, "text": "Мой кабинет"}}
[HANDLER ENTERED]
[INCOMING UPDATE] {"update_id": 590587327, "message": {"message_id": 1036, "from": {"id": 929604724, "is_bot": false, "first_name": "϶х᧐ ʙᥱчн᧐ᥴᴛᥙ", "username": "rhipi", "language_code": "ru"}, "chat": {"id": 929604724, "first_name": "϶х᧐ ʙᥱчн᧐ᥴᴛᥙ", "username": "rhipi", "type": "private"}, "date": 1778938112, "text": "Мой кабинет"}}
[HANDLER ENTERED]
[INCOMING UPDATE] {"update_id": 590587328, "message": {"message_id": 1037, "from": {"id": 929604724, "is_bot": false, "first_name": "϶х᧐ ʙᥱчн᧐ᥴᴛᥙ", "username": "rhipi", "language_code": "ru"}, "chat": {"id": 929604724, "first_name": "϶х᧐ ʙᥱчн᧐ᥴᴛᥙ", "username": "rhipi", "type": "private"}, "date": 1778938127, "text": "Мой кабинет"}}
[HANDLER ENTERED]
[INCOMING UPDATE] {"update_id": 590587329, "message": {"message_id": 1038, "from": {"id": 929604724, "is_bot": false, "first_name": "϶х᧐ ʙᥱчн᧐ᥴᴛᥙ", "username": "rhipi", "language_code": "ru"}, "chat": {"id": 929604724, "first_name": "϶х᧐ ʙᥱчн᧐ᥴᴛᥙ", "username": "rhipi", "type": "private"}, "date": 1778938133, "text": "/start", "entities": [{"offset": 0, "length": 6, "type": "bot_command"}]}}
[HANDLER ENTERED]
[INCOMING UPDATE] {"update_id": 590587330, "message": {"message_id": 1043, "from": {"id": 929604724, "is_bot": false, "first_name": "϶х᧐ ʙᥱчн᧐ᥴᴛᥙ", "username": "rhipi", "language_code": "ru"}, "chat": {"id": 929604724, "first_name": "϶х᧐ ʙᥱчн᧐ᥴᴛᥙ", "username": "rhipi", "type": "private"}, "date": 1778938494, "text": "/start", "entities": [{"offset": 0, "length": 6, "type": "bot_command"}]}}
[HANDLER ENTERED]
[INCOMING UPDATE] {"update_id": 590587331, "message": {"message_id": 1045, "from": {"id": 929604724, "is_bot": false, "first_name": "϶х᧐ ʙᥱчн᧐ᥴᴛᥙ", "username": "rhipi", "language_code": "ru"}, "chat": {"id": 929604724, "first_name": "϶х᧐ ʙᥱчн᧐ᥴᴛᥙ", "username": "rhipi", "type": "private"}, "date": 1778938499, "text": "/admin", "entities": [{"offset": 0, "length": 6, "type": "bot_command"}]}}
[HANDLER ENTERED]
[INCOMING UPDATE] {"update_id": 590587332, "callback_query": {"id": "3992621891800926387", "from": {"id": 929604724, "is_bot": false, "first_name": "϶х᧐ ʙᥱчн᧐ᥴᴛᥙ", "username": "rhipi", "language_code": "ru"}, "message": {"message_id": 1046, "from": {"id": 8217260751, "is_bot": true, "first_name": "AI TEST BOT", "username": "NotifyTest1234_bot"}, "chat": {"id": 929604724, "first_name": "϶х᧐ ʙᥱчн᧐ᥴᴛᥙ", "username": "rhipi", "type": "private"}, "date": 1778938499, "text": "Админ-панель", "reply_markup": {"inline_keyboard": [[{"text": "Рассылка пользователям", "callback_data": "broadcast"}], [{"text": "Статистика", "callback_data": "stats"}], [{"text": "Выйти", "callback_data": "exit_admin"}]]}}, "chat_instance": "-1209169715792460670", "data": "stats"}}
[HANDLER ENTERED]
[INCOMING UPDATE] {"update_id": 590587333, "callback_query": {"id": "3992621891082568258", "from": {"id": 929604724, "is_bot": false, "first_name": "϶х᧐ ʙᥱчн᧐ᥴᴛᥙ", "username": "rhipi", "language_code": "ru"}, "message": {"message_id": 1047, "from": {"id": 8217260751, "is_bot": true, "first_name": "AI TEST BOT", "username": "NotifyTest1234_bot"}, "chat": {"id": 929604724, "first_name": "϶х᧐ ʙᥱчн᧐ᥴᴛᥙ", "username": "rhipi", "type": "private"}, "date": 1778938501, "text": "Статистика сервиса:\ntelegram: пользователей — 3, запросов — 16\nvk: пользователей — 8, запросов — 13\nВсего: пользователей — 11, запросов — 29", "entities": [{"offset": 0, "length": 19, "type": "bold"}], "reply_markup": {"inline_keyboard": [[{"text": "Рассылка пользователям", "callback_data": "broadcast"}], [{"text": "Статистика", "callback_data": "stats"}], [{"text": "Выйти", "callback_data": "exit_admin"}]]}}, "chat_instance": "-1209169715792460670", "data": "exit_admin"}}
[HANDLER ENTERED]
[INCOMING UPDATE] {"update_id": 590587334, "message": {"message_id": 1048, "from": {"id": 929604724, "is_bot": false, "first_name": "϶х᧐ ʙᥱчн᧐ᥴᴛᥙ", "username": "rhipi", "language_code": "ru"}, "chat": {"id": 929604724, "first_name": "϶х᧐ ʙᥱчн᧐ᥴᴛᥙ", "username": "rhipi", "type": "private"}, "date": 1778938512, "text": "/start", "entities": [{"offset": 0, "length": 6, "type": "bot_command"}]}}
[HANDLER ENTERED]
[INCOMING UPDATE] {"update_id": 590587335, "message": {"message_id": 1050, "from": {"id": 929604724, "is_bot": false, "first_name": "϶х᧐ ʙᥱчн᧐ᥴᴛᥙ", "username": "rhipi", "language_code": "ru"}, "chat": {"id": 929604724, "first_name": "϶х᧐ ʙᥱчн᧐ᥴᴛᥙ", "username": "rhipi", "type": "private"}, "date": 1778938522, "text": "https://www.wildberries.ru/catalog/253818595/detail.aspx?targetUrl=SN", "entities": [{"offset": 0, "length": 69, "type": "url"}], "link_preview_options": {"is_disabled": true}}}
[HANDLER ENTERED]
[INCOMING UPDATE] {"update_id": 590587336, "message": {"message_id": 1052, "from": {"id": 929604724, "is_bot": false, "first_name": "϶х᧐ ʙᥱчн᧐ᥴᴛᥙ", "username": "rhipi", "language_code": "ru"}, "chat": {"id": 929604724, "first_name": "϶х᧐ ʙᥱчн᧐ᥴᴛᥙ", "username": "rhipi", "type": "private"}, "date": 1778939242, "text": "/start", "entities": [{"offset": 0, "length": 6, "type": "bot_command"}]}}
[HANDLER ENTERED]
[INCOMING UPDATE] {"update_id": 590587337, "message": {"message_id": 1054, "from": {"id": 929604724, "is_bot": false, "first_name": "϶х᧐ ʙᥱчн᧐ᥴᴛᥙ", "username": "rhipi", "language_code": "ru"}, "chat": {"id": 929604724, "first_name": "϶х᧐ ʙᥱчн᧐ᥴᴛᥙ", "username": "rhipi", "type": "private"}, "date": 1778939247, "text": "https://www.wildberries.ru/catalog/253818595/detail.aspx?targetUrl=SN", "entities": [{"offset": 0, "length": 69, "type": "url"}], "link_preview_options": {"is_disabled": true}}}
[HANDLER ENTERED]
[INCOMING UPDATE] {"update_id": 590587338, "message": {"message_id": 1056, "from": {"id": 929604724, "is_bot": false, "first_name": "϶х᧐ ʙᥱчн᧐ᥴᴛᥙ", "username": "rhipi", "language_code": "ru"}, "chat": {"id": 929604724, "first_name": "϶х᧐ ʙᥱчн᧐ᥴᴛᥙ", "username": "rhipi", "type": "private"}, "date": 1778939256, "text": "https://www.wildberries.ru/catalog/253818595/detail.aspx?targetUrl=SN", "entities": [{"offset": 0, "length": 69, "type": "url"}], "link_preview_options": {"is_disabled": true}}}
[HANDLER ENTERED]
[INCOMING UPDATE] {"update_id": 590587339, "message": {"message_id": 1058, "from": {"id": 929604724, "is_bot": false, "first_name": "϶х᧐ ʙᥱчн᧐ᥴᴛᥙ", "username": "rhipi", "language_code": "ru"}, "chat": {"id": 929604724, "first_name": "϶х᧐ ʙᥱчн᧐ᥴᴛᥙ", "username": "rhipi", "type": "private"}, "date": 1778939287, "text": "https://www.wildberries.ru/catalog/253818595/detail.aspx?targetUrl=SN", "entities": [{"offset": 0, "length": 69, "type": "url"}], "link_preview_options": {"is_disabled": true}}}
[HANDLER ENTERED]
[INCOMING UPDATE] {"update_id": 590587340, "message": {"message_id": 1060, "from": {"id": 929604724, "is_bot": false, "first_name": "϶х᧐ ʙᥱчн᧐ᥴᴛᥙ", "username": "rhipi", "language_code": "ru"}, "chat": {"id": 929604724, "first_name": "϶х᧐ ʙᥱчн᧐ᥴᴛᥙ", "username": "rhipi", "type": "private"}, "date": 1778940408, "text": "https://www.wildberries.ru/catalog/253818595/detail.aspx?targetUrl=SN", "entities": [{"offset": 0, "length": 69, "type": "url"}], "link_preview_options": {"is_disabled": true}}}
[HANDLER ENTERED]
[INCOMING UPDATE] {"update_id": 590587341, "message": {"message_id": 1062, "from": {"id": 929604724, "is_bot": false, "first_name": "϶х᧐ ʙᥱчн᧐ᥴᴛᥙ", "username": "rhipi", "language_code": "ru"}, "chat": {"id": 929604724, "first_name": "϶х᧐ ʙᥱчн᧐ᥴᴛᥙ", "username": "rhipi", "type": "private"}, "date": 1778940768, "text": "https://www.wildberries.ru/catalog/253818595/detail.aspx?targetUrl=SN", "entities": [{"offset": 0, "length": 69, "type": "url"}], "link_preview_options": {"is_disabled": true}}}
[HANDLER ENTERED]
[INCOMING UPDATE] {"update_id": 590587342, "message": {"message_id": 1064, "from": {"id": 929604724, "is_bot": false, "first_name": "϶х᧐ ʙᥱчн᧐ᥴᴛᥙ", "username": "rhipi", "language_code": "ru"}, "chat": {"id": 929604724, "first_name": "϶х᧐ ʙᥱчн᧐ᥴᴛᥙ", "username": "rhipi", "type": "private"}, "date": 1778941202, "text": "https://www.wildberries.ru/catalog/253818595/detail.aspx?targetUrl=SN", "entities": [{"offset": 0, "length": 69, "type": "url"}], "link_preview_options": {"is_disabled": true}}}
[HANDLER ENTERED]
[INCOMING UPDATE] {"update_id": 590587343, "message": {"message_id": 1066, "from": {"id": 929604724, "is_bot": false, "first_name": "϶х᧐ ʙᥱчн᧐ᥴᴛᥙ", "username": "rhipi", "language_code": "ru"}, "chat": {"id": 929604724, "first_name": "϶х᧐ ʙᥱчн᧐ᥴᴛᥙ", "username": "rhipi", "type": "private"}, "date": 1778941571, "text": "https://www.wildberries.ru/catalog/253818595/detail.aspx?targetUrl=SN", "entities": [{"offset": 0, "length": 69, "type": "url"}], "link_preview_options": {"is_disabled": true}}}
[HANDLER ENTERED]
[INCOMING UPDATE] {"update_id": 590587344, "message": {"message_id": 1068, "from": {"id": 929604724, "is_bot": false, "first_name": "϶х᧐ ʙᥱчн᧐ᥴᴛᥙ", "username": "rhipi", "language_code": "ru"}, "chat": {"id": 929604724, "first_name": "϶х᧐ ʙᥱчн᧐ᥴᴛᥙ", "username": "rhipi", "type": "private"}, "date": 1778941588, "text": "https://www.wildberries.ru/catalog/253818595/detail.aspx?targetUrl=SN", "entities": [{"offset": 0, "length": 69, "type": "url"}], "link_preview_options": {"is_disabled": true}}}
[HANDLER ENTERED]
[INCOMING UPDATE] {"update_id": 590587345, "message": {"message_id": 1070, "from": {"id": 929604724, "is_bot": false, "first_name": "϶х᧐ ʙᥱчн᧐ᥴᴛᥙ", "username": "rhipi", "language_code": "ru"}, "chat": {"id": 929604724, "first_name": "϶х᧐ ʙᥱчн᧐ᥴᴛᥙ", "username": "rhipi", "type": "private"}, "date": 1778941840, "text": "https://www.wildberries.ru/catalog/253818595/detail.aspx?targetUrl=SN", "entities": [{"offset": 0, "length": 69, "type": "url"}], "link_preview_options": {"is_disabled": true}}}
[HANDLER ENTERED]
[INCOMING UPDATE] {"update_id": 590587346, "message": {"message_id": 1072, "from": {"id": 929604724, "is_bot": false, "first_name": "϶х᧐ ʙᥱчн᧐ᥴᴛᥙ", "username": "rhipi", "language_code": "ru"}, "chat": {"id": 929604724, "first_name": "϶х᧐ ʙᥱчн᧐ᥴᴛᥙ", "username": "rhipi", "type": "private"}, "date": 1778941851, "text": "https://www.wildberries.ru/catalog/253818595/detail.aspx?targetUrl=SN", "entities": [{"offset": 0, "length": 69, "type": "url"}], "link_preview_options": {"is_disabled": true}}}
[HANDLER ENTERED]
[INCOMING UPDATE] {"update_id": 590587347, "message": {"message_id": 1074, "from": {"id": 929604724, "is_bot": false, "first_name": "϶х᧐ ʙᥱчн᧐ᥴᴛᥙ", "username": "rhipi", "language_code": "ru"}, "chat": {"id": 929604724, "first_name": "϶х᧐ ʙᥱчн᧐ᥴᴛᥙ", "username": "rhipi", "type": "private"}, "date": 1778941877, "text": "https://www.wildberries.ru/catalog/428873464/detail.aspx?targetUrl=SN", "entities": [{"offset": 0, "length": 69, "type": "url"}], "link_preview_options": {"url": "https://www.wildberries.ru/catalog/428873464/detail.aspx?targetUrl=SN"}}}
[HANDLER ENTERED]
[INCOMING UPDATE] {"update_id": 590587348, "message": {"message_id": 1076, "from": {"id": 929604724, "is_bot": false, "first_name": "϶х᧐ ʙᥱчн᧐ᥴᴛᥙ", "username": "rhipi", "language_code": "ru"}, "chat": {"id": 929604724, "first_name": "϶х᧐ ʙᥱчн᧐ᥴᴛᥙ", "username": "rhipi", "type": "private"}, "date": 1778941887, "text": "428873464", "entities": [{"offset": 0, "length": 9, "type": "phone_number"}]}}
